{"level":"error","message":" BadRequestException [400] \"Invalid email format.\" { email: 'hussien zoughaib' }","timestamp":"2026-02-04 23:03:00"}
{"level":"error","message":" BadRequestException [400] \"Invalid email format.\" { email: 'hussien zoughaib' }","timestamp":"2026-02-04 23:03:30"}
{"level":"error","message":" BadRequestException [400] \"Invalid email format.\" { email: 'hussien zoughaib' }","timestamp":"2026-02-04 23:04:29"}
{"level":"error","message":" BadRequestException [400] \"Invalid email format.\" { email: 'hussien zoughaib' }","timestamp":"2026-02-04 23:17:51"}
{"level":"error","message":" BadRequestException [400] \"Invalid email format.\" { email: 'hussien zoughaib' }","timestamp":"2026-02-04 23:22:12"}
{"level":"error","message":" BadRequestException [400] \"Invalid email format.\" { email: 'hussien zoughaib' }","timestamp":"2026-02-04 23:24:36"}
{"level":"error","message":" BadRequestException [400] \"Invalid email format.\" { email: 'hussien zoughaib' }","timestamp":"2026-02-04 23:25:47"}
{"level":"error","message":" BadRequestException [400] \"Invalid email format.\" { email: 'hussien zoughaib' }","timestamp":"2026-02-05 01:22:41"}
{"level":"error","message":" BadRequestException [400] \"Invalid email format.\" { email: 'hussien zoughaib' }","timestamp":"2026-02-05 01:24:46"}
{"level":"error","message":" BadRequestException [400] \"Invalid email format.\" { email: 'hussien zoughaib' }","timestamp":"2026-02-05 01:27:08"}
{"level":"error","message":" BadRequestException [400] \"Invalid email format.\" { email: 'hussien zoughaib' }","timestamp":"2026-02-05 01:32:06"}
{"code":"22P02","file":"numutils.c","length":184,"level":"error","line":"616","message":"invalid input syntax for type integer: \"user-357c0704-9ef2-43bb-af93-5be6dd625daa\"","name":"error","routine":"pg_strtoint32_safe","severity":"ERROR","stack":"error: invalid input syntax for type integer: \"user-357c0704-9ef2-43bb-af93-5be6dd625daa\"\n    at C:\\cv project\\study_server\\node_modules\\pg\\lib\\client.js:545:17\n    at processTicksAndRejections (node:internal/process/task_queues:105:5)","timestamp":"2026-02-05 01:36:15","where":"unnamed portal parameter $1 = '...'"}
{"level":"error","message":"Unhandled Error: ERROR during creation: invalid input syntax for type integer: \"user-357c0704-9ef2-43bb-af93-5be6dd625daa\"","timestamp":"2026-02-05 01:36:15"}
{"level":"error","message":"POST /users/ 500","timestamp":"2026-02-05 01:36:15"}
{"code":"42P07","file":"heap.c","length":98,"level":"error","line":"1160","message":"Failed to initialize the repository relation \"user\" already exists","name":"error","routine":"heap_create_with_catalog","severity":"ERROR","stack":"error: relation \"user\" already exists\n    at C:\\cv project\\study_server\\node_modules\\pg\\lib\\client.js:545:17\n    at processTicksAndRejections (node:internal/process/task_queues:105:5)","timestamp":"2026-02-05 01:36:59"}
{"level":"error","message":"Unhandled Error: Failed to initialize the repository: relation \"user\" already exists","timestamp":"2026-02-05 01:36:59"}
{"level":"error","message":"POST /users/ 500","timestamp":"2026-02-05 01:36:59"}
{"level":"error","message":"Unhandled Error: input.getId is not a function","timestamp":"2026-02-05 01:39:51"}
{"level":"error","message":"POST /users/ 500","timestamp":"2026-02-05 01:39:51"}
{"level":"error","message":"Unhandled Error: input.getId is not a function","timestamp":"2026-02-05 01:43:19"}
{"level":"error","message":"POST /users/ 500","timestamp":"2026-02-05 01:43:19"}
{"code":"23505","constraint":"user_email_key","detail":"Key (email)=(hussienzoughaib@gmail.com) already exists.","file":"nbtinsert.c","length":214,"level":"error","line":"667","message":"duplicate key value violates unique constraint \"user_email_key\"","name":"error","routine":"_bt_check_unique","schema":"public","severity":"ERROR","stack":"error: duplicate key value violates unique constraint \"user_email_key\"\n    at C:\\cv project\\study_server\\node_modules\\pg\\lib\\client.js:545:17\n    at processTicksAndRejections (node:internal/process/task_queues:105:5)","table":"user","timestamp":"2026-02-05 01:44:01"}
{"level":"error","message":"Unhandled Error: ERROR during creation: duplicate key value violates unique constraint \"user_email_key\"","timestamp":"2026-02-05 01:44:01"}
{"level":"error","message":"POST /users/ 500","timestamp":"2026-02-05 01:44:01"}
{"level":"error","message":"Unhandled Error: input.getId is not a function","timestamp":"2026-02-05 01:44:29"}
{"level":"error","message":"POST /users/ 500","timestamp":"2026-02-05 01:44:29"}
{"code":"42P07","file":"heap.c","length":98,"level":"error","line":"1160","message":"Failed to initialize the repository relation \"user\" already exists","name":"error","routine":"heap_create_with_catalog","severity":"ERROR","stack":"error: relation \"user\" already exists\n    at C:\\cv project\\study_server\\node_modules\\pg\\lib\\client.js:545:17\n    at processTicksAndRejections (node:internal/process/task_queues:105:5)","timestamp":"2026-02-05 02:01:40"}
{"level":"error","message":"Unhandled Error: Failed to initialize the repository: relation \"user\" already exists","timestamp":"2026-02-05 02:01:40"}
{"level":"error","message":"POST /users/ 500","timestamp":"2026-02-05 02:01:40"}
{"level":"error","message":"Unhandled Error: input.getId is not a function","timestamp":"2026-02-05 02:02:11"}
{"level":"error","message":"POST /users/ 500","timestamp":"2026-02-05 02:02:11"}
{"level":"error","message":"Unhandled Error: input.getEmail is not a function","timestamp":"2026-02-05 02:09:01"}
{"level":"error","message":"POST /users/ 500","timestamp":"2026-02-05 02:09:01"}
{"level":"error","message":" BadRequestException [400] \"Invalid email format.\" { email: 'John Doe' }","timestamp":"2026-02-05 02:14:13"}
{"level":"error","message":"Unhandled Error: input.getEmail is not a function","timestamp":"2026-02-05 02:19:26"}
{"level":"error","message":"POST /users/ 500","timestamp":"2026-02-05 02:19:26"}
{"level":"error","message":"Unhandled Error: input.getName is not a function","timestamp":"2026-02-05 02:22:21"}
{"level":"error","message":"POST /users/ 500","timestamp":"2026-02-05 02:22:21"}
{"level":"error","message":"Unhandled Error: input.getName is not a function","timestamp":"2026-02-05 02:30:21"}
{"level":"error","message":"POST /users/ 500","timestamp":"2026-02-05 02:30:21"}
{"level":"error","message":"Unhandled Error: input.getId is not a function","timestamp":"2026-02-05 02:32:48"}
{"level":"error","message":"POST /users/ 500","timestamp":"2026-02-05 02:32:49"}
{"level":"error","message":"Unhandled Error: input.getId is not a function","timestamp":"2026-02-05 02:34:23"}
{"level":"error","message":"POST /users/ 500","timestamp":"2026-02-05 02:34:23"}
{"level":"error","message":"Unhandled Error: input.getId is not a function","timestamp":"2026-02-05 02:36:11"}
{"level":"error","message":"POST /users/ 500","timestamp":"2026-02-05 02:36:11"}
{"level":"error","message":"Unhandled Error: input.getId is not a function","timestamp":"2026-02-05 02:38:08"}
{"level":"error","message":"POST /users/ 500","timestamp":"2026-02-05 02:38:08"}
{"level":"error","message":"Unhandled Error: input.getName is not a function","timestamp":"2026-02-05 02:40:00"}
{"level":"error","message":"POST /users/ 500","timestamp":"2026-02-05 02:40:00"}
{"code":"42P01","file":"parse_relation.c","length":103,"level":"error","line":"1449","message":"relation \"user\" does not exist","name":"error","position":"14","routine":"parserOpenTable","severity":"ERROR","stack":"error: relation \"user\" does not exist\n    at C:\\cv project\\study_server\\node_modules\\pg\\lib\\client.js:545:17\n    at processTicksAndRejections (node:internal/process/task_queues:105:5)","timestamp":"2026-02-05 02:44:54"}
{"level":"error","message":"Unhandled Error: ERROR during creation: relation \"user\" does not exist","timestamp":"2026-02-05 02:44:54"}
{"level":"error","message":"POST /users/ 500","timestamp":"2026-02-05 02:44:54"}
{"code":"42P01","file":"parse_relation.c","length":103,"level":"error","line":"1449","message":"relation \"user\" does not exist","name":"error","position":"14","routine":"parserOpenTable","severity":"ERROR","stack":"error: relation \"user\" does not exist\n    at C:\\cv project\\study_server\\node_modules\\pg\\lib\\client.js:545:17\n    at processTicksAndRejections (node:internal/process/task_queues:105:5)","timestamp":"2026-02-05 02:46:51"}
{"level":"error","message":"Unhandled Error: ERROR during creation: relation \"user\" does not exist","timestamp":"2026-02-05 02:46:51"}
{"level":"error","message":"POST /users/ 500","timestamp":"2026-02-05 02:46:51"}
{"level":"error","message":"Unhandled Error: input.getName is not a function","timestamp":"2026-02-05 02:50:53"}
{"level":"error","message":"POST /users/ 500","timestamp":"2026-02-05 02:50:53"}
{"code":"42P07","file":"heap.c","length":98,"level":"error","line":"1160","message":"Failed to initialize the repository relation \"user\" already exists","name":"error","routine":"heap_create_with_catalog","severity":"ERROR","stack":"error: relation \"user\" already exists\n    at C:\\cv project\\study_server\\node_modules\\pg\\lib\\client.js:545:17\n    at processTicksAndRejections (node:internal/process/task_queues:105:5)","timestamp":"2026-02-06 01:21:22"}
{"level":"error","message":"Error fetching all users Failed to initialize the repository: relation \"user\" already exists","name":"RepositoryInitializationException","stack":"error: relation \"user\" already exists\n    at C:\\cv project\\study_server\\node_modules\\pg\\lib\\client.js:545:17\n    at processTicksAndRejections (node:internal/process/task_queues:105:5)","timestamp":"2026-02-06 01:21:22"}
{"level":"error","message":"Unhandled Error: Failed to initialize the repository: relation \"user\" already exists","timestamp":"2026-02-06 01:21:22"}
{"level":"error","message":"GET /users/ 500","timestamp":"2026-02-06 01:21:22"}
{"code":"42P07","file":"heap.c","length":98,"level":"error","line":"1160","message":"Failed to initialize the repository relation \"user\" already exists","name":"error","routine":"heap_create_with_catalog","severity":"ERROR","stack":"error: relation \"user\" already exists\n    at C:\\cv project\\study_server\\node_modules\\pg\\lib\\client.js:545:17\n    at processTicksAndRejections (node:internal/process/task_queues:105:5)","timestamp":"2026-02-06 02:44:04"}
{"level":"error","message":"Error fetching all users Failed to initialize the repository: relation \"user\" already exists","name":"RepositoryInitializationException","stack":"error: relation \"user\" already exists\n    at C:\\cv project\\study_server\\node_modules\\pg\\lib\\client.js:545:17\n    at processTicksAndRejections (node:internal/process/task_queues:105:5)","timestamp":"2026-02-06 02:44:04"}
{"level":"error","message":"Unhandled Error: Failed to initialize the repository: relation \"user\" already exists","timestamp":"2026-02-06 02:44:04"}
{"level":"error","message":"GET /users/ 500","timestamp":"2026-02-06 02:44:04"}
{"code":"42P07","file":"heap.c","length":98,"level":"error","line":"1160","message":"Failed to initialize the repository relation \"user\" already exists","name":"error","routine":"heap_create_with_catalog","severity":"ERROR","stack":"error: relation \"user\" already exists\n    at C:\\cv project\\study_server\\node_modules\\pg\\lib\\client.js:545:17\n    at processTicksAndRejections (node:internal/process/task_queues:105:5)","timestamp":"2026-02-06 02:45:34"}
{"level":"error","message":"Error fetching all users Failed to initialize the repository: relation \"user\" already exists","name":"RepositoryInitializationException","stack":"error: relation \"user\" already exists\n    at C:\\cv project\\study_server\\node_modules\\pg\\lib\\client.js:545:17\n    at processTicksAndRejections (node:internal/process/task_queues:105:5)","timestamp":"2026-02-06 02:45:34"}
{"level":"error","message":"Unhandled Error: Failed to initialize the repository: relation \"user\" already exists","timestamp":"2026-02-06 02:45:34"}
{"level":"error","message":"GET /users/ 500","timestamp":"2026-02-06 02:45:34"}
{"level":"error","message":"User with id user-0d22ade6-6826-49b9-b850-206c9628bbbc not found","timestamp":"2026-02-06 03:21:36"}
{"details":{"userId":"user-0d22ade6-6826-49b9-b850-206c9628bbbc"},"level":"error","message":"User with id user-0d22ade6-6826-49b9-b850-206c9628bbbc not found","name":"NotFoundException","stack":"NotFoundException: User with id user-0d22ade6-6826-49b9-b850-206c9628bbbc not found\n    at UserRepo.<anonymous> (C:\\cv project\\study_server\\src\\repository\\User.repo.ts:173:27)\n    at Generator.next (<anonymous>)\n    at fulfilled (C:\\cv project\\study_server\\src\\repository\\User.repo.ts:5:58)\n    at processTicksAndRejections (node:internal/process/task_queues:105:5)","status":404,"timestamp":"2026-02-06 03:21:36"}
{"level":"error","message":"Error deleting user with id user-0d22ade6-6826-49b9-b850-206c9628bbbc ERROR during delete: User with id user-0d22ade6-6826-49b9-b850-206c9628bbbc not found","name":"DBException","stack":"NotFoundException: User with id user-0d22ade6-6826-49b9-b850-206c9628bbbc not found\n    at UserRepo.<anonymous> (C:\\cv project\\study_server\\src\\repository\\User.repo.ts:173:27)\n    at Generator.next (<anonymous>)\n    at fulfilled (C:\\cv project\\study_server\\src\\repository\\User.repo.ts:5:58)\n    at processTicksAndRejections (node:internal/process/task_queues:105:5)","timestamp":"2026-02-06 03:21:36"}
{"level":"error","message":"Unhandled Error: ERROR during delete: User with id user-0d22ade6-6826-49b9-b850-206c9628bbbc not found","timestamp":"2026-02-06 03:21:36"}
{"level":"error","message":"DELETE /users/user-0d22ade6-6826-49b9-b850-206c9628bbbc 500","timestamp":"2026-02-06 03:21:36"}
{"level":"error","message":" NotFoundException [404] \"User not found\" {}","timestamp":"2026-02-07 01:59:05"}
{"level":"error","message":" NotFoundException [404] \"User not found\" {}","timestamp":"2026-02-07 02:02:13"}
{"level":"error","message":"Unhandled Error: User not found","timestamp":"2026-02-07 02:18:18"}
{"level":"error","message":"POST /auth/login 500","timestamp":"2026-02-07 02:18:18"}
{"level":"error","message":"Unhandled Error: User not found","timestamp":"2026-02-07 02:21:12"}
{"level":"error","message":"POST /auth/login 500","timestamp":"2026-02-07 02:21:12"}
{"level":"error","message":" BadRequestException [400] \"Invalid password\" {}","timestamp":"2026-02-07 02:23:36"}
{"code":"42703","file":"parse_target.c","length":121,"level":"error","line":"1065","message":"column \"role\" of relation \"user\" does not exist","name":"error","position":"46","routine":"checkInsertTargets","severity":"ERROR","stack":"error: column \"role\" of relation \"user\" does not exist\n    at C:\\cv project\\study_server\\node_modules\\pg\\lib\\client.js:545:17\n    at processTicksAndRejections (node:internal/process/task_queues:105:5)","timestamp":"2026-02-13 02:49:51"}
{"level":"error","message":"Unhandled Error: ERROR during creation: column \"role\" of relation \"user\" does not exist","timestamp":"2026-02-13 02:49:51"}
{"level":"error","message":"POST /users/ 500","timestamp":"2026-02-13 02:49:51"}
{"level":"error","message":" AuthenticationFailedException [401] \"Authentication failed\" {}","timestamp":"2026-02-13 03:14:06"}
{"level":"error","message":"Unhandled Error: Missing required fields to build User","timestamp":"2026-02-13 03:14:48"}
{"level":"error","message":"POST /users/ 500","timestamp":"2026-02-13 03:14:48"}
{"level":"error","message":" BadRequestException [400] \"Name, email, and password are required\" {\n  invalidData: { email: 'john.doe@example.com', password: 'StrongPassword123' }\n}","timestamp":"2026-02-13 03:17:44"}
{"level":"error","message":"user  not found","timestamp":"2026-02-13 03:19:37"}
{"level":"error","message":"Error fetching user with id user-f610a3c3-9c12-47cc-af3d-17ab86eb641a ERROR fetching the user of id   NotFoundException: User with id user-f610a3c3-9c12-47cc-af3d-17ab86eb641a not found\n    at UserRepo.<anonymous> (C:\\cv project\\study_server\\src\\repository\\User.repo.ts:104:23)\n    at Generator.next (<anonymous>)\n    at fulfilled (C:\\cv project\\study_server\\src\\repository\\User.repo.ts:5:58)\n    at processTicksAndRejections (node:internal/process/task_queues:105:5) {\n  [stack]: [Getter/Setter],\n  [message]: 'ERROR fetching the user of id   %o: User with id user-f610a3c3-9c12-47cc-af3d-17ab86eb641a not found',\n  name: 'DBException'\n}: User with id user-f610a3c3-9c12-47cc-af3d-17ab86eb641a not found","name":"DBException","stack":"NotFoundException: User with id user-f610a3c3-9c12-47cc-af3d-17ab86eb641a not found\n    at UserRepo.<anonymous> (C:\\cv project\\study_server\\src\\repository\\User.repo.ts:104:23)\n    at Generator.next (<anonymous>)\n    at fulfilled (C:\\cv project\\study_server\\src\\repository\\User.repo.ts:5:58)\n    at processTicksAndRejections (node:internal/process/task_queues:105:5)","timestamp":"2026-02-13 03:19:37"}
{"level":"error","message":"Unhandled Error: ERROR fetching the user of id   %o: User with id user-f610a3c3-9c12-47cc-af3d-17ab86eb641a not found","timestamp":"2026-02-13 03:19:37"}
{"level":"error","message":"GET /users/user-f610a3c3-9c12-47cc-af3d-17ab86eb641a 500","timestamp":"2026-02-13 03:19:37"}
{"level":"error","message":"user  not found","timestamp":"2026-02-13 03:32:15"}
{"level":"error","message":"Error fetching user with id user-f610a3c3-9c12-47cc-af3d-17ab86eb641a ERROR fetching the user of id   NotFoundException: User with id user-f610a3c3-9c12-47cc-af3d-17ab86eb641a not found\n    at UserRepo.<anonymous> (C:\\cv project\\study_server\\src\\repository\\User.repo.ts:104:23)\n    at Generator.next (<anonymous>)\n    at fulfilled (C:\\cv project\\study_server\\src\\repository\\User.repo.ts:5:58)\n    at processTicksAndRejections (node:internal/process/task_queues:105:5) {\n  [stack]: [Getter/Setter],\n  [message]: 'ERROR fetching the user of id   %o: User with id user-f610a3c3-9c12-47cc-af3d-17ab86eb641a not found',\n  name: 'DBException'\n}: User with id user-f610a3c3-9c12-47cc-af3d-17ab86eb641a not found","name":"DBException","stack":"NotFoundException: User with id user-f610a3c3-9c12-47cc-af3d-17ab86eb641a not found\n    at UserRepo.<anonymous> (C:\\cv project\\study_server\\src\\repository\\User.repo.ts:104:23)\n    at Generator.next (<anonymous>)\n    at fulfilled (C:\\cv project\\study_server\\src\\repository\\User.repo.ts:5:58)\n    at processTicksAndRejections (node:internal/process/task_queues:105:5)","timestamp":"2026-02-13 03:32:15"}
{"level":"error","message":"Unhandled Error: ERROR fetching the user of id   %o: User with id user-f610a3c3-9c12-47cc-af3d-17ab86eb641a not found","timestamp":"2026-02-13 03:32:15"}
{"level":"error","message":"GET /users/user-f610a3c3-9c12-47cc-af3d-17ab86eb641a 500","timestamp":"2026-02-13 03:32:15"}
{"level":"error","message":"user  not found","timestamp":"2026-02-13 03:34:07"}
{"level":"error","message":"Error fetching user with id user-f610a3c3-9c12-47cc-af3d-17ab86eb641a ERROR fetching the user of id   NotFoundException: User with id user-f610a3c3-9c12-47cc-af3d-17ab86eb641a not found\n    at UserRepo.<anonymous> (C:\\cv project\\study_server\\src\\repository\\User.repo.ts:104:23)\n    at Generator.next (<anonymous>)\n    at fulfilled (C:\\cv project\\study_server\\src\\repository\\User.repo.ts:5:58)\n    at processTicksAndRejections (node:internal/process/task_queues:105:5) {\n  [stack]: [Getter/Setter],\n  [message]: 'ERROR fetching the user of id   %o: User with id user-f610a3c3-9c12-47cc-af3d-17ab86eb641a not found',\n  name: 'DBException'\n}: User with id user-f610a3c3-9c12-47cc-af3d-17ab86eb641a not found","name":"DBException","stack":"NotFoundException: User with id user-f610a3c3-9c12-47cc-af3d-17ab86eb641a not found\n    at UserRepo.<anonymous> (C:\\cv project\\study_server\\src\\repository\\User.repo.ts:104:23)\n    at Generator.next (<anonymous>)\n    at fulfilled (C:\\cv project\\study_server\\src\\repository\\User.repo.ts:5:58)\n    at processTicksAndRejections (node:internal/process/task_queues:105:5)","timestamp":"2026-02-13 03:34:07"}
{"level":"error","message":"Unhandled Error: ERROR fetching the user of id   %o: User with id user-f610a3c3-9c12-47cc-af3d-17ab86eb641a not found","timestamp":"2026-02-13 03:34:07"}
{"level":"error","message":"GET /users/user-f610a3c3-9c12-47cc-af3d-17ab86eb641a 500","timestamp":"2026-02-13 03:34:07"}
{"level":"error","message":"user  not found","timestamp":"2026-02-13 03:35:02"}
{"level":"error","message":"Error fetching user with id user-f610a3c3-9c12-47cc-af3d-17ab86eb641a ERROR fetching the user of id   NotFoundException: User with id user-f610a3c3-9c12-47cc-af3d-17ab86eb641a not found\n    at UserRepo.<anonymous> (C:\\cv project\\study_server\\src\\repository\\User.repo.ts:104:23)\n    at Generator.next (<anonymous>)\n    at fulfilled (C:\\cv project\\study_server\\src\\repository\\User.repo.ts:5:58)\n    at processTicksAndRejections (node:internal/process/task_queues:105:5) {\n  [stack]: [Getter/Setter],\n  [message]: 'ERROR fetching the user of id   %o: User with id user-f610a3c3-9c12-47cc-af3d-17ab86eb641a not found',\n  name: 'DBException'\n}: User with id user-f610a3c3-9c12-47cc-af3d-17ab86eb641a not found","name":"DBException","stack":"NotFoundException: User with id user-f610a3c3-9c12-47cc-af3d-17ab86eb641a not found\n    at UserRepo.<anonymous> (C:\\cv project\\study_server\\src\\repository\\User.repo.ts:104:23)\n    at Generator.next (<anonymous>)\n    at fulfilled (C:\\cv project\\study_server\\src\\repository\\User.repo.ts:5:58)\n    at processTicksAndRejections (node:internal/process/task_queues:105:5)","timestamp":"2026-02-13 03:35:02"}
{"level":"error","message":"Unhandled Error: ERROR fetching the user of id   %o: User with id user-f610a3c3-9c12-47cc-af3d-17ab86eb641a not found","timestamp":"2026-02-13 03:35:02"}
{"level":"error","message":"GET /users/user-f610a3c3-9c12-47cc-af3d-17ab86eb641a 500","timestamp":"2026-02-13 03:35:02"}
{"level":"error","message":"user  not found","timestamp":"2026-02-13 03:35:40"}
{"level":"error","message":"Error fetching user with id user-f610a3c3-9c12-47cc-af3d-17ab86eb641a ERROR fetching the user of id   NotFoundException: User with id user-f610a3c3-9c12-47cc-af3d-17ab86eb641a not found\n    at UserRepo.<anonymous> (C:\\cv project\\study_server\\src\\repository\\User.repo.ts:104:23)\n    at Generator.next (<anonymous>)\n    at fulfilled (C:\\cv project\\study_server\\src\\repository\\User.repo.ts:5:58)\n    at processTicksAndRejections (node:internal/process/task_queues:105:5) {\n  [stack]: [Getter/Setter],\n  [message]: 'ERROR fetching the user of id   %o: User with id user-f610a3c3-9c12-47cc-af3d-17ab86eb641a not found',\n  name: 'DBException'\n}: User with id user-f610a3c3-9c12-47cc-af3d-17ab86eb641a not found","name":"DBException","stack":"NotFoundException: User with id user-f610a3c3-9c12-47cc-af3d-17ab86eb641a not found\n    at UserRepo.<anonymous> (C:\\cv project\\study_server\\src\\repository\\User.repo.ts:104:23)\n    at Generator.next (<anonymous>)\n    at fulfilled (C:\\cv project\\study_server\\src\\repository\\User.repo.ts:5:58)\n    at processTicksAndRejections (node:internal/process/task_queues:105:5)","timestamp":"2026-02-13 03:35:40"}
{"level":"error","message":"Unhandled Error: ERROR fetching the user of id   %o: User with id user-f610a3c3-9c12-47cc-af3d-17ab86eb641a not found","timestamp":"2026-02-13 03:35:40"}
{"level":"error","message":"GET /users/user-f610a3c3-9c12-47cc-af3d-17ab86eb641a 500","timestamp":"2026-02-13 03:35:40"}
{"level":"error","message":"user  not found","timestamp":"2026-02-13 03:37:28"}
{"level":"error","message":"Unhandled Error: ERROR fetching the user of id   %o: User with id user-f610a3c3-9c12-47cc-af3d-17ab86eb641a not found","timestamp":"2026-02-13 03:37:28"}
{"level":"error","message":"GET /users/user-f610a3c3-9c12-47cc-af3d-17ab86eb641a 500","timestamp":"2026-02-13 03:37:28"}
{"level":"error","message":" NotFoundException [404] \"User with id user-f610a3c3-9c12-47cc-af3d-17ab86eb641a not found\" { userId: 'user-f610a3c3-9c12-47cc-af3d-17ab86eb641a' }","timestamp":"2026-02-13 03:44:07"}
{"level":"error","message":"AuthenticationFailedException [401] \"Authentication failed\" {}","timestamp":"2026-02-13 04:17:31"}
{"level":"error","message":"AuthenticationFailedException [401] \"Authentication failed\" {}","timestamp":"2026-02-13 04:18:13"}
{"level":"error","message":"NotFoundException [404] \"Route not found\" { path: '/auth/login' }","timestamp":"2026-02-13 04:18:59"}
{"level":"error","message":"Unhandled Error: Missing required fields to build User\nError: Missing required fields to build User\n    at UserBuilder.build (C:\\cv project\\study_server\\src\\builder\\User.builder.ts:46:23)\n    at JSONMapper.map (C:\\cv project\\study_server\\src\\mapper\\User.Mapper.ts:57:9)\n    at UserController.<anonymous> (C:\\cv project\\study_server\\src\\controller\\User.controller.ts:18:49)\n    at Generator.next (<anonymous>)\n    at C:\\cv project\\study_server\\src\\controller\\User.controller.ts:8:71\n    at new Promise (<anonymous>)\n    at __awaiter (C:\\cv project\\study_server\\src\\controller\\User.controller.ts:4:12)\n    at UserController.createUser (C:\\cv project\\study_server\\src\\controller\\User.controller.ts:28:16)\n    at C:\\cv project\\study_server\\src\\midlleware\\asynchandler.ts:7:9\n    at Layer.handleRequest (C:\\cv project\\study_server\\node_modules\\router\\lib\\layer.js:152:17)","timestamp":"2026-02-13 04:19:21"}
{"level":"error","message":"POST /users/ 500","timestamp":"2026-02-13 04:19:21"}
{"level":"error","message":"Unhandled Error: Missing required fields to build User\nError: Missing required fields to build User\n    at UserBuilder.build (C:\\cv project\\study_server\\src\\builder\\User.builder.ts:46:23)\n    at JSONMapper.map (C:\\cv project\\study_server\\src\\mapper\\User.Mapper.ts:57:9)\n    at UserController.<anonymous> (C:\\cv project\\study_server\\src\\controller\\User.controller.ts:18:49)\n    at Generator.next (<anonymous>)\n    at C:\\cv project\\study_server\\src\\controller\\User.controller.ts:8:71\n    at new Promise (<anonymous>)\n    at __awaiter (C:\\cv project\\study_server\\src\\controller\\User.controller.ts:4:12)\n    at UserController.createUser (C:\\cv project\\study_server\\src\\controller\\User.controller.ts:28:16)\n    at C:\\cv project\\study_server\\src\\midlleware\\asynchandler.ts:7:9\n    at Layer.handleRequest (C:\\cv project\\study_server\\node_modules\\router\\lib\\layer.js:152:17)","timestamp":"2026-02-13 04:19:43"}
{"level":"error","message":"POST /users/ 500","timestamp":"2026-02-13 04:19:43"}
{"level":"error","message":"NotFoundException [404] \"User with id user-0d3d32f4-5ad4-4821-89b7-c1a75be9f8c not found\" { userId: 'user-0d3d32f4-5ad4-4821-89b7-c1a75be9f8c' }","timestamp":"2026-02-13 04:20:49"}
{"level":"error","message":"Unhandled Error: Missing required fields to build User\nError: Missing required fields to build User\n    at UserBuilder.build (C:\\cv project\\study_server\\src\\builder\\User.builder.ts:46:23)\n    at JSONMapper.map (C:\\cv project\\study_server\\src\\mapper\\User.Mapper.ts:57:9)\n    at UserController.<anonymous> (C:\\cv project\\study_server\\src\\controller\\User.controller.ts:81:49)\n    at Generator.next (<anonymous>)\n    at C:\\cv project\\study_server\\src\\controller\\User.controller.ts:8:71\n    at new Promise (<anonymous>)\n    at __awaiter (C:\\cv project\\study_server\\src\\controller\\User.controller.ts:4:12)\n    at UserController.updateUser (C:\\cv project\\study_server\\src\\controller\\User.controller.ts:76:16)\n    at C:\\cv project\\study_server\\src\\midlleware\\asynchandler.ts:7:9\n    at Layer.handleRequest (C:\\cv project\\study_server\\node_modules\\router\\lib\\layer.js:152:17)","timestamp":"2026-02-13 04:21:05"}
{"level":"error","message":"PUT /users/user-0d3d32f4-5ad4-4821-89b7-c1a75be9f8c8 500","timestamp":"2026-02-13 04:21:05"}
{"level":"error","message":"NotFoundException [404] \"User with id user-0d3d32f4-5ad4-4821-89b7-c1a75be9f8c8 not found\" { userId: 'user-0d3d32f4-5ad4-4821-89b7-c1a75be9f8c8' }","timestamp":"2026-02-13 04:21:39"}
{"code":"42P01","file":"namespace.c","length":103,"level":"error","line":"637","message":"Failed to initialize repository relation \"users\" does not exist","name":"error","routine":"RangeVarGetRelidExtended","severity":"ERROR","stack":"error: relation \"users\" does not exist\n    at C:\\cv project\\study_server\\node_modules\\pg\\lib\\client.js:545:17\n    at processTicksAndRejections (node:internal/process/task_queues:105:5)","timestamp":"2026-02-14 13:22:28"}
{"level":"error","message":"Unhandled Error: Failed to initialize repository: relation \"users\" does not exist\nerror: relation \"users\" does not exist\n    at C:\\cv project\\study_server\\node_modules\\pg\\lib\\client.js:545:17\n    at processTicksAndRejections (node:internal/process/task_queues:105:5)","timestamp":"2026-02-14 13:22:28"}
{"level":"error","message":"POST /users/ 500","timestamp":"2026-02-14 13:22:28"}
{"code":"42601","file":"scan.l","length":93,"level":"error","line":"1244","message":"Failed to initialize repository syntax error at or near \"user\"","name":"error","position":"14","routine":"scanner_yyerror","severity":"ERROR","stack":"error: syntax error at or near \"user\"\n    at C:\\cv project\\study_server\\node_modules\\pg\\lib\\client.js:545:17\n    at processTicksAndRejections (node:internal/process/task_queues:105:5)","timestamp":"2026-02-14 13:24:01"}
{"level":"error","message":"Unhandled Error: Failed to initialize repository: syntax error at or near \"user\"\nerror: syntax error at or near \"user\"\n    at C:\\cv project\\study_server\\node_modules\\pg\\lib\\client.js:545:17\n    at processTicksAndRejections (node:internal/process/task_queues:105:5)","timestamp":"2026-02-14 13:24:01"}
{"level":"error","message":"POST /users/ 500","timestamp":"2026-02-14 13:24:01"}
{"code":"42701","file":"tablecmds.c","length":127,"level":"error","line":"7478","message":"Failed to initialize repository column \"role\" of relation \"user\" already exists","name":"error","routine":"check_for_column_name_collision","severity":"ERROR","stack":"error: column \"role\" of relation \"user\" already exists\n    at C:\\cv project\\study_server\\node_modules\\pg\\lib\\client.js:545:17\n    at processTicksAndRejections (node:internal/process/task_queues:105:5)","timestamp":"2026-02-14 13:25:27"}
{"level":"error","message":"Unhandled Error: Failed to initialize repository: column \"role\" of relation \"user\" already exists\nerror: column \"role\" of relation \"user\" already exists\n    at C:\\cv project\\study_server\\node_modules\\pg\\lib\\client.js:545:17\n    at processTicksAndRejections (node:internal/process/task_queues:105:5)","timestamp":"2026-02-14 13:25:27"}
{"level":"error","message":"POST /users/ 500","timestamp":"2026-02-14 13:25:27"}
{"level":"error","message":"NotFoundException [404] \"User with id user-8e44668c-8178-442e-9317-6342d9a94100 not found\" { userId: 'user-8e44668c-8178-442e-9317-6342d9a94100' }","timestamp":"2026-02-14 13:30:09"}
{"level":"error","message":"User with role user does not have permission user:read:all","timestamp":"2026-02-17 01:13:57"}
{"level":"error","message":"InsufficientPermissionsException [403] \"Insufficient permissions\" {}","timestamp":"2026-02-17 01:13:57"}
{"level":"error","message":"AuthenticationFailedException [401] \"Authentication failed\" {}","timestamp":"2026-02-17 01:15:09"}
{"level":"error","message":"AuthenticationFailedException [401] \"Authentication failed\" {}","timestamp":"2026-02-17 01:15:52"}
{"level":"error","message":"Unhandled Error: Missing required fields to build User\nError: Missing required fields to build User\n    at UserBuilder.build (C:\\cv project\\study_server\\src\\builder\\User.builder.ts:47:23)\n    at JSONMapper.map (C:\\cv project\\study_server\\src\\mapper\\User.Mapper.ts:64:9)\n    at UserController.<anonymous> (C:\\cv project\\study_server\\src\\controller\\User.controller.ts:21:49)\n    at Generator.next (<anonymous>)\n    at C:\\cv project\\study_server\\src\\controller\\User.controller.ts:8:71\n    at new Promise (<anonymous>)\n    at __awaiter (C:\\cv project\\study_server\\src\\controller\\User.controller.ts:4:12)\n    at UserController.createUser (C:\\cv project\\study_server\\src\\controller\\User.controller.ts:30:16)\n    at C:\\cv project\\study_server\\src\\midlleware\\asynchandler.ts:7:9\n    at Layer.handleRequest (C:\\cv project\\study_server\\node_modules\\router\\lib\\layer.js:152:17)","timestamp":"2026-02-19 02:04:31"}
{"level":"error","message":"POST /users/ 500","timestamp":"2026-02-19 02:04:31"}
{"level":"error","message":"User with role user does not have permission user:read:all","timestamp":"2026-02-19 02:04:40"}
{"level":"error","message":"InsufficientPermissionsException [403] \"Insufficient permissions\" {}","timestamp":"2026-02-19 02:04:40"}
{"level":"error","message":"InsufficientPermissionsException [403] \"Insufficient permissions\" {}","timestamp":"2026-02-19 02:05:03"}
{"level":"error","message":"InsufficientPermissionsException [403] \"Insufficient permissions\" {}","timestamp":"2026-02-19 02:05:28"}
{"level":"error","message":"InsufficientPermissionsException [403] \"Insufficient permissions\" {}","timestamp":"2026-02-19 02:05:37"}
{"code":"ENOTFOUND","errno":-3008,"hostname":"ep-still-violet-a4smcvre-pooler.us-east-1.aws.neon.tech","level":"error","message":"Failed to connect to PostgreSQL getaddrinfo ENOTFOUND ep-still-violet-a4smcvre-pooler.us-east-1.aws.neon.tech","stack":"Error: getaddrinfo ENOTFOUND ep-still-violet-a4smcvre-pooler.us-east-1.aws.neon.tech\n    at C:\\cv project\\study_server\\node_modules\\pg-pool\\index.js:45:11\n    at processTicksAndRejections (node:internal/process/task_queues:105:5)","syscall":"getaddrinfo","timestamp":"2026-02-20 22:28:53"}
{"level":"error","message":"Failed to initialize repository Failed to connect to PostgreSQL: getaddrinfo ENOTFOUND ep-still-violet-a4smcvre-pooler.us-east-1.aws.neon.tech","name":"DBException","stack":"Error: getaddrinfo ENOTFOUND ep-still-violet-a4smcvre-pooler.us-east-1.aws.neon.tech\n    at C:\\cv project\\study_server\\node_modules\\pg-pool\\index.js:45:11\n    at processTicksAndRejections (node:internal/process/task_queues:105:5)","timestamp":"2026-02-20 22:28:53"}
{"level":"error","message":"Unhandled Error: Failed to initialize repository: Failed to connect to PostgreSQL: getaddrinfo ENOTFOUND ep-still-violet-a4smcvre-pooler.us-east-1.aws.neon.tech\nError: getaddrinfo ENOTFOUND ep-still-violet-a4smcvre-pooler.us-east-1.aws.neon.tech\n    at C:\\cv project\\study_server\\node_modules\\pg-pool\\index.js:45:11\n    at processTicksAndRejections (node:internal/process/task_queues:105:5)","timestamp":"2026-02-20 22:28:53"}
{"level":"error","message":"POST /auth/login 500","timestamp":"2026-02-20 22:28:53"}
{"code":"ENOTFOUND","errno":-3008,"hostname":"ep-still-violet-a4smcvre-pooler.us-east-1.aws.neon.tech","level":"error","message":"Failed to connect to PostgreSQL getaddrinfo ENOTFOUND ep-still-violet-a4smcvre-pooler.us-east-1.aws.neon.tech","stack":"Error: getaddrinfo ENOTFOUND ep-still-violet-a4smcvre-pooler.us-east-1.aws.neon.tech\n    at C:\\cv project\\study_server\\node_modules\\pg-pool\\index.js:45:11\n    at processTicksAndRejections (node:internal/process/task_queues:105:5)","syscall":"getaddrinfo","timestamp":"2026-02-20 22:29:13"}
{"level":"error","message":"Failed to initialize repository Failed to connect to PostgreSQL: getaddrinfo ENOTFOUND ep-still-violet-a4smcvre-pooler.us-east-1.aws.neon.tech","name":"DBException","stack":"Error: getaddrinfo ENOTFOUND ep-still-violet-a4smcvre-pooler.us-east-1.aws.neon.tech\n    at C:\\cv project\\study_server\\node_modules\\pg-pool\\index.js:45:11\n    at processTicksAndRejections (node:internal/process/task_queues:105:5)","timestamp":"2026-02-20 22:29:13"}
{"level":"error","message":"Unhandled Error: Failed to initialize repository: Failed to connect to PostgreSQL: getaddrinfo ENOTFOUND ep-still-violet-a4smcvre-pooler.us-east-1.aws.neon.tech\nError: getaddrinfo ENOTFOUND ep-still-violet-a4smcvre-pooler.us-east-1.aws.neon.tech\n    at C:\\cv project\\study_server\\node_modules\\pg-pool\\index.js:45:11\n    at processTicksAndRejections (node:internal/process/task_queues:105:5)","timestamp":"2026-02-20 22:29:13"}
{"level":"error","message":"POST /auth/login 500","timestamp":"2026-02-20 22:29:13"}
{"code":"ENOTFOUND","errno":-3008,"hostname":"ep-still-violet-a4smcvre-pooler.us-east-1.aws.neon.tech","level":"error","message":"Failed to connect to PostgreSQL getaddrinfo ENOTFOUND ep-still-violet-a4smcvre-pooler.us-east-1.aws.neon.tech","stack":"Error: getaddrinfo ENOTFOUND ep-still-violet-a4smcvre-pooler.us-east-1.aws.neon.tech\n    at C:\\cv project\\study_server\\node_modules\\pg-pool\\index.js:45:11\n    at processTicksAndRejections (node:internal/process/task_queues:105:5)","syscall":"getaddrinfo","timestamp":"2026-02-20 22:29:20"}
{"level":"error","message":"Failed to initialize repository Failed to connect to PostgreSQL: getaddrinfo ENOTFOUND ep-still-violet-a4smcvre-pooler.us-east-1.aws.neon.tech","name":"DBException","stack":"Error: getaddrinfo ENOTFOUND ep-still-violet-a4smcvre-pooler.us-east-1.aws.neon.tech\n    at C:\\cv project\\study_server\\node_modules\\pg-pool\\index.js:45:11\n    at processTicksAndRejections (node:internal/process/task_queues:105:5)","timestamp":"2026-02-20 22:29:20"}
{"level":"error","message":"Unhandled Error: Failed to initialize repository: Failed to connect to PostgreSQL: getaddrinfo ENOTFOUND ep-still-violet-a4smcvre-pooler.us-east-1.aws.neon.tech\nError: getaddrinfo ENOTFOUND ep-still-violet-a4smcvre-pooler.us-east-1.aws.neon.tech\n    at C:\\cv project\\study_server\\node_modules\\pg-pool\\index.js:45:11\n    at processTicksAndRejections (node:internal/process/task_queues:105:5)","timestamp":"2026-02-20 22:29:20"}
{"level":"error","message":"POST /auth/login 500","timestamp":"2026-02-20 22:29:20"}
{"level":"error","message":"NotFoundException [404] \"Route not found\" { path: '/auth/login' }","timestamp":"2026-02-20 23:03:45"}
{"code":"ENOTFOUND","errno":-3008,"hostname":"ep-still-violet-a4smcvre-pooler.us-east-1.aws.neon.tech","level":"error","message":"Failed to connect to PostgreSQL getaddrinfo ENOTFOUND ep-still-violet-a4smcvre-pooler.us-east-1.aws.neon.tech","stack":"Error: getaddrinfo ENOTFOUND ep-still-violet-a4smcvre-pooler.us-east-1.aws.neon.tech\n    at C:\\cv project\\study_server\\node_modules\\pg-pool\\index.js:45:11\n    at processTicksAndRejections (node:internal/process/task_queues:105:5)","syscall":"getaddrinfo","timestamp":"2026-02-20 23:34:15"}
{"level":"error","message":"Failed to initialize repository Failed to connect to PostgreSQL: getaddrinfo ENOTFOUND ep-still-violet-a4smcvre-pooler.us-east-1.aws.neon.tech","name":"DBException","stack":"Error: getaddrinfo ENOTFOUND ep-still-violet-a4smcvre-pooler.us-east-1.aws.neon.tech\n    at C:\\cv project\\study_server\\node_modules\\pg-pool\\index.js:45:11\n    at processTicksAndRejections (node:internal/process/task_queues:105:5)","timestamp":"2026-02-20 23:34:15"}
{"level":"error","message":"Unhandled Error: Failed to initialize repository: Failed to connect to PostgreSQL: getaddrinfo ENOTFOUND ep-still-violet-a4smcvre-pooler.us-east-1.aws.neon.tech\nError: getaddrinfo ENOTFOUND ep-still-violet-a4smcvre-pooler.us-east-1.aws.neon.tech\n    at C:\\cv project\\study_server\\node_modules\\pg-pool\\index.js:45:11\n    at processTicksAndRejections (node:internal/process/task_queues:105:5)","timestamp":"2026-02-20 23:34:15"}
{"level":"error","message":"POST /auth/login 500","timestamp":"2026-02-20 23:34:15"}
{"code":"ENOTFOUND","errno":-3008,"hostname":"ep-still-violet-a4smcvre-pooler.us-east-1.aws.neon.tech","level":"error","message":"Failed to connect to PostgreSQL getaddrinfo ENOTFOUND ep-still-violet-a4smcvre-pooler.us-east-1.aws.neon.tech","stack":"Error: getaddrinfo ENOTFOUND ep-still-violet-a4smcvre-pooler.us-east-1.aws.neon.tech\n    at C:\\cv project\\study_server\\node_modules\\pg-pool\\index.js:45:11\n    at processTicksAndRejections (node:internal/process/task_queues:105:5)","syscall":"getaddrinfo","timestamp":"2026-02-20 23:35:44"}
{"level":"error","message":"Failed to initialize repository Failed to connect to PostgreSQL: getaddrinfo ENOTFOUND ep-still-violet-a4smcvre-pooler.us-east-1.aws.neon.tech","name":"DBException","stack":"Error: getaddrinfo ENOTFOUND ep-still-violet-a4smcvre-pooler.us-east-1.aws.neon.tech\n    at C:\\cv project\\study_server\\node_modules\\pg-pool\\index.js:45:11\n    at processTicksAndRejections (node:internal/process/task_queues:105:5)","timestamp":"2026-02-20 23:35:44"}
{"level":"error","message":"Unhandled Error: Failed to initialize repository: Failed to connect to PostgreSQL: getaddrinfo ENOTFOUND ep-still-violet-a4smcvre-pooler.us-east-1.aws.neon.tech\nError: getaddrinfo ENOTFOUND ep-still-violet-a4smcvre-pooler.us-east-1.aws.neon.tech\n    at C:\\cv project\\study_server\\node_modules\\pg-pool\\index.js:45:11\n    at processTicksAndRejections (node:internal/process/task_queues:105:5)","timestamp":"2026-02-20 23:35:44"}
{"level":"error","message":"POST /auth/login 500","timestamp":"2026-02-20 23:35:44"}
